<testsuites id="" name="" tests="5" failures="4" skipped="0" errors="0" time="60.373182">
<testsuite name="task-buttons-test.spec.ts" timestamp="2025-09-09T01:12:03.194Z" hostname="chromium-stable" tests="5" failures="4" skipped="0" time="164.483" errors="0">
<testcase name="ì—…ë¬´ ì™„ë£Œ/ì¶”ê°€ ë²„íŠ¼ í…ŒìŠ¤íŠ¸ â€º ì—…ë¬´ ì¶”ê°€ ë²„íŠ¼ í´ë¦­ ì‹œ ëª¨ë‹¬ì´ ì—´ë¦¬ëŠ”ì§€ í™•ì¸" classname="task-buttons-test.spec.ts" time="34.795">
<failure message="task-buttons-test.spec.ts:26:7 ì—…ë¬´ ì¶”ê°€ ë²„íŠ¼ í´ë¦­ ì‹œ ëª¨ë‹¬ì´ ì—´ë¦¬ëŠ”ì§€ í™•ì¸" type="FAILURE">
<![CDATA[  [chromium-stable] â€º task-buttons-test.spec.ts:26:7 â€º ì—…ë¬´ ì™„ë£Œ/ì¶”ê°€ ë²„íŠ¼ í…ŒìŠ¤íŠ¸ â€º ì—…ë¬´ ì¶”ê°€ ë²„íŠ¼ í´ë¦­ ì‹œ ëª¨ë‹¬ì´ ì—´ë¦¬ëŠ”ì§€ í™•ì¸ â”€

    Error: Cannot find object to "loadstate": frame@60e6dad4ad0e3e20426cfaf87e98b50a

    attachment #1: screenshot (image/png) â”€â”€â”€â”€â”€â”€â”€â”€â”€â”€â”€â”€â”€â”€â”€â”€â”€â”€â”€â”€â”€â”€â”€â”€â”€â”€â”€â”€â”€â”€â”€â”€â”€â”€â”€â”€â”€â”€â”€â”€â”€â”€â”€â”€â”€â”€â”€â”€â”€â”€â”€â”€â”€â”€â”€â”€â”€â”€
    ../test-results/task-buttons-test-ì—…ë¬´-ì™„ë£Œ-ì¶”ê°€-ë²„íŠ¼-í…ŒìŠ¤íŠ¸-ì—…ë¬´-ì¶”ê°€-ë²„íŠ¼-í´ë¦­-ì‹œ-ëª¨ë‹¬ì´-ì—´ë¦¬ëŠ”ì§€-í™•ì¸-chromium-stable/test-failed-1.png
    â”€â”€â”€â”€â”€â”€â”€â”€â”€â”€â”€â”€â”€â”€â”€â”€â”€â”€â”€â”€â”€â”€â”€â”€â”€â”€â”€â”€â”€â”€â”€â”€â”€â”€â”€â”€â”€â”€â”€â”€â”€â”€â”€â”€â”€â”€â”€â”€â”€â”€â”€â”€â”€â”€â”€â”€â”€â”€â”€â”€â”€â”€â”€â”€â”€â”€â”€â”€â”€â”€â”€â”€â”€â”€â”€â”€â”€â”€â”€â”€â”€â”€â”€â”€â”€â”€â”€â”€â”€â”€â”€â”€â”€â”€â”€â”€

    Error Context: ../test-results/task-buttons-test-ì—…ë¬´-ì™„ë£Œ-ì¶”ê°€-ë²„íŠ¼-í…ŒìŠ¤íŠ¸-ì—…ë¬´-ì¶”ê°€-ë²„íŠ¼-í´ë¦­-ì‹œ-ëª¨ë‹¬ì´-ì—´ë¦¬ëŠ”ì§€-í™•ì¸-chromium-stable/error-context.md
]]>
</failure>
<system-out>
<![CDATA[ðŸ§ª ì—…ë¬´ ì¶”ê°€ ë²„íŠ¼ í…ŒìŠ¤íŠ¸ ì‹œìž‘
âœ… ì—…ë¬´ ì¶”ê°€ ëª¨ë‹¬ì´ ì •ìƒì ìœ¼ë¡œ ì—´ë ¸ìŠµë‹ˆë‹¤

[[ATTACHMENT|test-results/task-buttons-test-ì—…ë¬´-ì™„ë£Œ-ì¶”ê°€-ë²„íŠ¼-í…ŒìŠ¤íŠ¸-ì—…ë¬´-ì¶”ê°€-ë²„íŠ¼-í´ë¦­-ì‹œ-ëª¨ë‹¬ì´-ì—´ë¦¬ëŠ”ì§€-í™•ì¸-chromium-stable/test-failed-1.png]]

[[ATTACHMENT|test-results/task-buttons-test-ì—…ë¬´-ì™„ë£Œ-ì¶”ê°€-ë²„íŠ¼-í…ŒìŠ¤íŠ¸-ì—…ë¬´-ì¶”ê°€-ë²„íŠ¼-í´ë¦­-ì‹œ-ëª¨ë‹¬ì´-ì—´ë¦¬ëŠ”ì§€-í™•ì¸-chromium-stable/error-context.md]]
]]>
</system-out>
</testcase>
<testcase name="ì—…ë¬´ ì™„ë£Œ/ì¶”ê°€ ë²„íŠ¼ í…ŒìŠ¤íŠ¸ â€º ë¹ ë¥¸ ì—…ë¬´ ìž…ë ¥ ì¹´ë“œ í´ë¦­ ì‹œ ëª¨ë‹¬ì´ ì—´ë¦¬ëŠ”ì§€ í™•ì¸" classname="task-buttons-test.spec.ts" time="43.101">
<failure message="task-buttons-test.spec.ts:38:7 ë¹ ë¥¸ ì—…ë¬´ ìž…ë ¥ ì¹´ë“œ í´ë¦­ ì‹œ ëª¨ë‹¬ì´ ì—´ë¦¬ëŠ”ì§€ í™•ì¸" type="FAILURE">
<![CDATA[  [chromium-stable] â€º task-buttons-test.spec.ts:38:7 â€º ì—…ë¬´ ì™„ë£Œ/ì¶”ê°€ ë²„íŠ¼ í…ŒìŠ¤íŠ¸ â€º ë¹ ë¥¸ ì—…ë¬´ ìž…ë ¥ ì¹´ë“œ í´ë¦­ ì‹œ ëª¨ë‹¬ì´ ì—´ë¦¬ëŠ”ì§€ í™•ì¸ 

    Error: expect(locator).toBeVisible() failed

    Locator:  locator('h3:has-text("ì—…ë¬´ ì¶”ê°€")')
    Expected: visible
    Received: <element(s) not found>
    Timeout:  10000ms

    Call log:
      - Expect "toBeVisible" with timeout 10000ms
      - waiting for locator('h3:has-text("ì—…ë¬´ ì¶”ê°€")')


      43 |     
      44 |     // ëª¨ë‹¬ì´ ì—´ë ¸ëŠ”ì§€ í™•ì¸
    > 45 |     await expect(page.locator('h3:has-text("ì—…ë¬´ ì¶”ê°€")')).toBeVisible();
         |                                                        ^
      46 |     
      47 |     console.log('âœ… ë¹ ë¥¸ ì—…ë¬´ ìž…ë ¥ ì¹´ë“œ í´ë¦­ ì‹œ ëª¨ë‹¬ì´ ì •ìƒì ìœ¼ë¡œ ì—´ë ¸ìŠµë‹ˆë‹¤');
      48 |   });
        at /Users/m2/MASLABS/www.maslabs.kr/tests/task-buttons-test.spec.ts:45:56

    Error: Cannot find object to "close": page@329e460b3a3f7bb55d39cc18514b7500

    attachment #1: screenshot (image/png) â”€â”€â”€â”€â”€â”€â”€â”€â”€â”€â”€â”€â”€â”€â”€â”€â”€â”€â”€â”€â”€â”€â”€â”€â”€â”€â”€â”€â”€â”€â”€â”€â”€â”€â”€â”€â”€â”€â”€â”€â”€â”€â”€â”€â”€â”€â”€â”€â”€â”€â”€â”€â”€â”€â”€â”€â”€â”€
    ../test-results/task-buttons-test-ì—…ë¬´-ì™„ë£Œ-ì¶”ê°€-56c82-ë¥¸-ì—…ë¬´-ìž…ë ¥-ì¹´ë“œ-í´ë¦­-ì‹œ-ëª¨ë‹¬ì´-ì—´ë¦¬ëŠ”ì§€-í™•ì¸-chromium-stable/test-failed-1.png
    â”€â”€â”€â”€â”€â”€â”€â”€â”€â”€â”€â”€â”€â”€â”€â”€â”€â”€â”€â”€â”€â”€â”€â”€â”€â”€â”€â”€â”€â”€â”€â”€â”€â”€â”€â”€â”€â”€â”€â”€â”€â”€â”€â”€â”€â”€â”€â”€â”€â”€â”€â”€â”€â”€â”€â”€â”€â”€â”€â”€â”€â”€â”€â”€â”€â”€â”€â”€â”€â”€â”€â”€â”€â”€â”€â”€â”€â”€â”€â”€â”€â”€â”€â”€â”€â”€â”€â”€â”€â”€â”€â”€â”€â”€â”€â”€

    attachment #2: screenshot (image/png) â”€â”€â”€â”€â”€â”€â”€â”€â”€â”€â”€â”€â”€â”€â”€â”€â”€â”€â”€â”€â”€â”€â”€â”€â”€â”€â”€â”€â”€â”€â”€â”€â”€â”€â”€â”€â”€â”€â”€â”€â”€â”€â”€â”€â”€â”€â”€â”€â”€â”€â”€â”€â”€â”€â”€â”€â”€â”€
    ../test-results/task-buttons-test-ì—…ë¬´-ì™„ë£Œ-ì¶”ê°€-56c82-ë¥¸-ì—…ë¬´-ìž…ë ¥-ì¹´ë“œ-í´ë¦­-ì‹œ-ëª¨ë‹¬ì´-ì—´ë¦¬ëŠ”ì§€-í™•ì¸-chromium-stable/test-failed-2.png
    â”€â”€â”€â”€â”€â”€â”€â”€â”€â”€â”€â”€â”€â”€â”€â”€â”€â”€â”€â”€â”€â”€â”€â”€â”€â”€â”€â”€â”€â”€â”€â”€â”€â”€â”€â”€â”€â”€â”€â”€â”€â”€â”€â”€â”€â”€â”€â”€â”€â”€â”€â”€â”€â”€â”€â”€â”€â”€â”€â”€â”€â”€â”€â”€â”€â”€â”€â”€â”€â”€â”€â”€â”€â”€â”€â”€â”€â”€â”€â”€â”€â”€â”€â”€â”€â”€â”€â”€â”€â”€â”€â”€â”€â”€â”€â”€

    Error Context: ../test-results/task-buttons-test-ì—…ë¬´-ì™„ë£Œ-ì¶”ê°€-56c82-ë¥¸-ì—…ë¬´-ìž…ë ¥-ì¹´ë“œ-í´ë¦­-ì‹œ-ëª¨ë‹¬ì´-ì—´ë¦¬ëŠ”ì§€-í™•ì¸-chromium-stable/error-context.md
]]>
</failure>
<system-out>
<![CDATA[ðŸ§ª ë¹ ë¥¸ ì—…ë¬´ ìž…ë ¥ ì¹´ë“œ í…ŒìŠ¤íŠ¸ ì‹œìž‘

[[ATTACHMENT|test-results/task-buttons-test-ì—…ë¬´-ì™„ë£Œ-ì¶”ê°€-56c82-ë¥¸-ì—…ë¬´-ìž…ë ¥-ì¹´ë“œ-í´ë¦­-ì‹œ-ëª¨ë‹¬ì´-ì—´ë¦¬ëŠ”ì§€-í™•ì¸-chromium-stable/test-failed-1.png]]

[[ATTACHMENT|test-results/task-buttons-test-ì—…ë¬´-ì™„ë£Œ-ì¶”ê°€-56c82-ë¥¸-ì—…ë¬´-ìž…ë ¥-ì¹´ë“œ-í´ë¦­-ì‹œ-ëª¨ë‹¬ì´-ì—´ë¦¬ëŠ”ì§€-í™•ì¸-chromium-stable/test-failed-2.png]]

[[ATTACHMENT|test-results/task-buttons-test-ì—…ë¬´-ì™„ë£Œ-ì¶”ê°€-56c82-ë¥¸-ì—…ë¬´-ìž…ë ¥-ì¹´ë“œ-í´ë¦­-ì‹œ-ëª¨ë‹¬ì´-ì—´ë¦¬ëŠ”ì§€-í™•ì¸-chromium-stable/error-context.md]]
]]>
</system-out>
</testcase>
<testcase name="ì—…ë¬´ ì™„ë£Œ/ì¶”ê°€ ë²„íŠ¼ í…ŒìŠ¤íŠ¸ â€º ì—…ë¬´ ì¶”ê°€ í¼ ì œì¶œ í…ŒìŠ¤íŠ¸" classname="task-buttons-test.spec.ts" time="31.63">
<failure message="task-buttons-test.spec.ts:50:7 ì—…ë¬´ ì¶”ê°€ í¼ ì œì¶œ í…ŒìŠ¤íŠ¸" type="FAILURE">
<![CDATA[  [chromium-stable] â€º task-buttons-test.spec.ts:50:7 â€º ì—…ë¬´ ì™„ë£Œ/ì¶”ê°€ ë²„íŠ¼ í…ŒìŠ¤íŠ¸ â€º ì—…ë¬´ ì¶”ê°€ í¼ ì œì¶œ í…ŒìŠ¤íŠ¸ â”€â”€â”€â”€â”€â”€â”€â”€â”€â”€â”€â”€

    Error: Cannot find parent object page@596271f1aea68ea44398951929b01581 to create dialog@3b939e52bc1c1b4ef2621e785cc92dc8

    attachment #1: screenshot (image/png) â”€â”€â”€â”€â”€â”€â”€â”€â”€â”€â”€â”€â”€â”€â”€â”€â”€â”€â”€â”€â”€â”€â”€â”€â”€â”€â”€â”€â”€â”€â”€â”€â”€â”€â”€â”€â”€â”€â”€â”€â”€â”€â”€â”€â”€â”€â”€â”€â”€â”€â”€â”€â”€â”€â”€â”€â”€â”€
    ../test-results/task-buttons-test-ì—…ë¬´-ì™„ë£Œ-ì¶”ê°€-ë²„íŠ¼-í…ŒìŠ¤íŠ¸-ì—…ë¬´-ì¶”ê°€-í¼-ì œì¶œ-í…ŒìŠ¤íŠ¸-chromium-stable/test-failed-1.png
    â”€â”€â”€â”€â”€â”€â”€â”€â”€â”€â”€â”€â”€â”€â”€â”€â”€â”€â”€â”€â”€â”€â”€â”€â”€â”€â”€â”€â”€â”€â”€â”€â”€â”€â”€â”€â”€â”€â”€â”€â”€â”€â”€â”€â”€â”€â”€â”€â”€â”€â”€â”€â”€â”€â”€â”€â”€â”€â”€â”€â”€â”€â”€â”€â”€â”€â”€â”€â”€â”€â”€â”€â”€â”€â”€â”€â”€â”€â”€â”€â”€â”€â”€â”€â”€â”€â”€â”€â”€â”€â”€â”€â”€â”€â”€â”€
]]>
</failure>
<system-out>
<![CDATA[ðŸ§ª ì—…ë¬´ ì¶”ê°€ í¼ ì œì¶œ í…ŒìŠ¤íŠ¸ ì‹œìž‘
âœ… ì—…ë¬´ ì¶”ê°€ í¼ ì œì¶œì´ ì •ìƒì ìœ¼ë¡œ ìž‘ë™í–ˆìŠµë‹ˆë‹¤

[[ATTACHMENT|test-results/task-buttons-test-ì—…ë¬´-ì™„ë£Œ-ì¶”ê°€-ë²„íŠ¼-í…ŒìŠ¤íŠ¸-ì—…ë¬´-ì¶”ê°€-í¼-ì œì¶œ-í…ŒìŠ¤íŠ¸-chromium-stable/test-failed-1.png]]
]]>
</system-out>
</testcase>
<testcase name="ì—…ë¬´ ì™„ë£Œ/ì¶”ê°€ ë²„íŠ¼ í…ŒìŠ¤íŠ¸ â€º ì—…ë¬´ ì™„ë£Œ ë²„íŠ¼ í´ë¦­ í…ŒìŠ¤íŠ¸" classname="task-buttons-test.spec.ts" time="34.853">
<failure message="task-buttons-test.spec.ts:75:7 ì—…ë¬´ ì™„ë£Œ ë²„íŠ¼ í´ë¦­ í…ŒìŠ¤íŠ¸" type="FAILURE">
<![CDATA[  [chromium-stable] â€º task-buttons-test.spec.ts:75:7 â€º ì—…ë¬´ ì™„ë£Œ/ì¶”ê°€ ë²„íŠ¼ í…ŒìŠ¤íŠ¸ â€º ì—…ë¬´ ì™„ë£Œ ë²„íŠ¼ í´ë¦­ í…ŒìŠ¤íŠ¸ â”€â”€â”€â”€â”€â”€â”€â”€â”€â”€â”€

    Error: Cannot find object to "loadstate": frame@91b1ebfc8518c135ffba4ca7521e158a

    attachment #1: screenshot (image/png) â”€â”€â”€â”€â”€â”€â”€â”€â”€â”€â”€â”€â”€â”€â”€â”€â”€â”€â”€â”€â”€â”€â”€â”€â”€â”€â”€â”€â”€â”€â”€â”€â”€â”€â”€â”€â”€â”€â”€â”€â”€â”€â”€â”€â”€â”€â”€â”€â”€â”€â”€â”€â”€â”€â”€â”€â”€â”€
    ../test-results/task-buttons-test-ì—…ë¬´-ì™„ë£Œ-ì¶”ê°€-ë²„íŠ¼-í…ŒìŠ¤íŠ¸-ì—…ë¬´-ì™„ë£Œ-ë²„íŠ¼-í´ë¦­-í…ŒìŠ¤íŠ¸-chromium-stable/test-failed-1.png
    â”€â”€â”€â”€â”€â”€â”€â”€â”€â”€â”€â”€â”€â”€â”€â”€â”€â”€â”€â”€â”€â”€â”€â”€â”€â”€â”€â”€â”€â”€â”€â”€â”€â”€â”€â”€â”€â”€â”€â”€â”€â”€â”€â”€â”€â”€â”€â”€â”€â”€â”€â”€â”€â”€â”€â”€â”€â”€â”€â”€â”€â”€â”€â”€â”€â”€â”€â”€â”€â”€â”€â”€â”€â”€â”€â”€â”€â”€â”€â”€â”€â”€â”€â”€â”€â”€â”€â”€â”€â”€â”€â”€â”€â”€â”€â”€

    Error Context: ../test-results/task-buttons-test-ì—…ë¬´-ì™„ë£Œ-ì¶”ê°€-ë²„íŠ¼-í…ŒìŠ¤íŠ¸-ì—…ë¬´-ì™„ë£Œ-ë²„íŠ¼-í´ë¦­-í…ŒìŠ¤íŠ¸-chromium-stable/error-context.md
]]>
</failure>
<system-out>
<![CDATA[ðŸ§ª ì—…ë¬´ ì™„ë£Œ ë²„íŠ¼ í…ŒìŠ¤íŠ¸ ì‹œìž‘
â„¹ï¸ ëŒ€ê¸° ì¤‘ì¸ ì—…ë¬´ê°€ ì—†ì–´ì„œ ì™„ë£Œ ë²„íŠ¼ í…ŒìŠ¤íŠ¸ë¥¼ ê±´ë„ˆëœë‹ˆë‹¤

[[ATTACHMENT|test-results/task-buttons-test-ì—…ë¬´-ì™„ë£Œ-ì¶”ê°€-ë²„íŠ¼-í…ŒìŠ¤íŠ¸-ì—…ë¬´-ì™„ë£Œ-ë²„íŠ¼-í´ë¦­-í…ŒìŠ¤íŠ¸-chromium-stable/test-failed-1.png]]

[[ATTACHMENT|test-results/task-buttons-test-ì—…ë¬´-ì™„ë£Œ-ì¶”ê°€-ë²„íŠ¼-í…ŒìŠ¤íŠ¸-ì—…ë¬´-ì™„ë£Œ-ë²„íŠ¼-í´ë¦­-í…ŒìŠ¤íŠ¸-chromium-stable/error-context.md]]
]]>
</system-out>
</testcase>
<testcase name="ì—…ë¬´ ì™„ë£Œ/ì¶”ê°€ ë²„íŠ¼ í…ŒìŠ¤íŠ¸ â€º ë¸Œë¼ìš°ì € ì½˜ì†” ì—ëŸ¬ í™•ì¸" classname="task-buttons-test.spec.ts" time="20.104">
<system-out>
<![CDATA[ðŸ§ª ë¸Œë¼ìš°ì € ì½˜ì†” ì—ëŸ¬ í™•ì¸ í…ŒìŠ¤íŠ¸ ì‹œìž‘
âœ… ì½˜ì†” ì—ëŸ¬ê°€ ì—†ìŠµë‹ˆë‹¤
]]>
</system-out>
</testcase>
</testsuite>
</testsuites>